2023-04-24T22:12:05 INFO main.py:84 in <module>(): Initializing MQTT Client Service...
2023-04-24T22:12:05 INFO main.py:38 in main(): Starting thread for the MQTT broker...
2023-04-24T22:12:05 INFO main.py:42 in main(): Querying last measurements...
2023-04-24T22:12:05 INFO main.py:45 in main(): Computing powers...
2023-04-24T22:12:05 INFO main.py:60 in main(): Plotting results...
2023-04-24T22:12:06 INFO main.py:42 in main(): Querying last measurements...
2023-04-24T22:12:06 INFO main.py:45 in main(): Computing powers...
2023-04-24T22:12:06 INFO main.py:60 in main(): Plotting results...
2023-04-24T22:12:07 INFO main.py:42 in main(): Querying last measurements...
2023-04-24T22:12:07 INFO main.py:45 in main(): Computing powers...
2023-04-24T22:12:07 INFO main.py:60 in main(): Plotting results...
2023-04-24T22:12:08 INFO main.py:42 in main(): Querying last measurements...
2023-04-24T22:12:08 INFO main.py:45 in main(): Computing powers...
2023-04-24T22:12:08 INFO main.py:60 in main(): Plotting results...
2023-04-24T22:12:09 INFO main.py:42 in main(): Querying last measurements...
2023-04-24T22:12:09 INFO main.py:45 in main(): Computing powers...
2023-04-24T22:12:09 INFO main.py:60 in main(): Plotting results...
2023-04-24T22:12:10 INFO main.py:42 in main(): Querying last measurements...
2023-04-24T22:12:10 INFO main.py:45 in main(): Computing powers...
2023-04-24T22:12:10 INFO main.py:60 in main(): Plotting results...
2023-04-24T22:12:11 INFO main.py:88 in <module>(): Received stopping signal. Stopping service...
2023-04-24T22:12:11 INFO main.py:28 in stop(): Disconnecting from the MQTT broker...
2023-04-24T22:12:11 INFO main.py:30 in stop(): Joining MQTT Subscriber thread...
