2023-05-07T22:26:57 INFO main.py:67 in <module>(): Initializing MQTT Client Service...
2023-05-07T22:26:57 INFO main.py:34 in main(): Starting thread for the MQTT broker...
2023-05-07T22:26:57 INFO main.py:38 in main(): Querying last measurements...
2023-05-07T22:26:57 INFO main.py:41 in main(): Computing powers...
2023-05-07T22:26:57 INFO main.py:44 in main(): Plotting results...
2023-05-07T22:26:57 CRITICAL main.py:75 in <module>(): Unhandled exception arisen: 'MQTTClientService' object has no attribute 'plotter'. Stopping the service...
2023-05-07T22:26:57 INFO main.py:25 in stop(): Disconnecting from the MQTT broker...
2023-05-07T22:26:57 INFO main.py:27 in stop(): Joining MQTT Subscriber thread...
2023-05-07T22:27:57 INFO main.py:67 in <module>(): Initializing MQTT Client Service...
2023-05-07T22:27:57 INFO main.py:34 in main(): Starting thread for the MQTT broker...
2023-05-07T22:27:57 INFO main.py:38 in main(): Querying last measurements...
2023-05-07T22:27:57 INFO main.py:41 in main(): Computing powers...
2023-05-07T22:27:57 INFO main.py:44 in main(): Plotting results...
2023-05-07T22:27:57 CRITICAL main.py:75 in <module>(): Unhandled exception arisen: 'MQTTClientService' object has no attribute 'plotter'. Stopping the service...
2023-05-07T22:27:57 INFO main.py:25 in stop(): Disconnecting from the MQTT broker...
2023-05-07T22:27:57 INFO main.py:27 in stop(): Joining MQTT Subscriber thread...
2023-05-07T22:28:28 INFO main.py:68 in <module>(): Initializing MQTT Client Service...
2023-05-07T22:28:28 INFO main.py:34 in main(): Starting thread for the MQTT broker...
2023-05-07T22:28:28 INFO main.py:38 in main(): Querying last measurements...
2023-05-07T22:28:28 INFO main.py:41 in main(): Computing powers...
2023-05-07T22:28:28 INFO main.py:44 in main(): Plotting results...
2023-05-07T22:28:29 INFO main.py:38 in main(): Querying last measurements...
2023-05-07T22:28:29 INFO main.py:41 in main(): Computing powers...
2023-05-07T22:28:29 INFO main.py:44 in main(): Plotting results...
2023-05-07T22:28:30 INFO main.py:38 in main(): Querying last measurements...
2023-05-07T22:28:30 INFO main.py:41 in main(): Computing powers...
2023-05-07T22:28:30 INFO main.py:44 in main(): Plotting results...
2023-05-07T22:28:31 INFO main.py:38 in main(): Querying last measurements...
2023-05-07T22:28:31 INFO main.py:41 in main(): Computing powers...
2023-05-07T22:28:31 INFO main.py:44 in main(): Plotting results...
2023-05-07T22:28:32 INFO main.py:38 in main(): Querying last measurements...
2023-05-07T22:28:32 INFO main.py:41 in main(): Computing powers...
2023-05-07T22:28:32 INFO main.py:44 in main(): Plotting results...
2023-05-07T22:28:33 INFO main.py:38 in main(): Querying last measurements...
2023-05-07T22:28:33 INFO main.py:41 in main(): Computing powers...
2023-05-07T22:28:33 INFO main.py:44 in main(): Plotting results...
2023-05-07T22:28:34 INFO main.py:38 in main(): Querying last measurements...
2023-05-07T22:28:34 INFO main.py:41 in main(): Computing powers...
2023-05-07T22:28:34 INFO main.py:44 in main(): Plotting results...
2023-05-07T22:28:35 INFO main.py:38 in main(): Querying last measurements...
2023-05-07T22:28:35 INFO main.py:41 in main(): Computing powers...
2023-05-07T22:28:35 INFO main.py:44 in main(): Plotting results...
2023-05-07T22:28:36 INFO main.py:38 in main(): Querying last measurements...
2023-05-07T22:28:36 INFO main.py:41 in main(): Computing powers...
2023-05-07T22:28:36 INFO main.py:44 in main(): Plotting results...
2023-05-07T22:28:36 INFO main.py:72 in <module>(): Received stopping signal. Stopping service...
2023-05-07T22:28:36 INFO main.py:25 in stop(): Disconnecting from the MQTT broker...
2023-05-07T22:28:37 INFO main.py:27 in stop(): Joining MQTT Subscriber thread...
2023-05-07T22:30:23 INFO main.py:68 in <module>(): Initializing MQTT Client Service...
2023-05-07T22:30:23 INFO main.py:34 in main(): Starting thread for the MQTT broker...
2023-05-07T22:30:23 INFO main.py:38 in main(): Querying last measurements...
2023-05-07T22:30:23 INFO main.py:41 in main(): Computing powers...
2023-05-07T22:30:23 INFO main.py:44 in main(): Plotting results...
2023-05-07T22:30:24 INFO main.py:38 in main(): Querying last measurements...
2023-05-07T22:30:24 INFO main.py:41 in main(): Computing powers...
2023-05-07T22:30:24 INFO main.py:44 in main(): Plotting results...
2023-05-07T22:30:25 INFO main.py:38 in main(): Querying last measurements...
2023-05-07T22:30:25 INFO main.py:41 in main(): Computing powers...
2023-05-07T22:30:25 INFO main.py:44 in main(): Plotting results...
2023-05-07T22:30:26 INFO main.py:38 in main(): Querying last measurements...
2023-05-07T22:30:26 INFO main.py:41 in main(): Computing powers...
2023-05-07T22:30:26 INFO main.py:44 in main(): Plotting results...
2023-05-07T22:30:26 INFO main.py:72 in <module>(): Received stopping signal. Stopping service...
2023-05-07T22:30:26 INFO main.py:25 in stop(): Disconnecting from the MQTT broker...
2023-05-07T22:30:27 INFO main.py:27 in stop(): Joining MQTT Subscriber thread...
2023-05-07T22:32:15 INFO main.py:69 in <module>(): Initializing MQTT Client Service...
2023-05-07T22:32:15 INFO main.py:34 in main(): Starting thread for the MQTT broker...
2023-05-07T22:32:15 INFO main.py:38 in main(): Querying last measurements...
2023-05-07T22:32:15 INFO main.py:41 in main(): Computing powers...
2023-05-07T22:32:15 INFO main.py:44 in main(): Plotting results...
2023-05-07T22:32:15 CRITICAL main.py:77 in <module>(): Unhandled exception arisen: 'MQTTClientService' object has no attribute 'plotter'. Stopping the service...
2023-05-07T22:32:15 INFO main.py:25 in stop(): Disconnecting from the MQTT broker...
2023-05-07T22:32:15 INFO main.py:27 in stop(): Joining MQTT Subscriber thread...
2023-05-07T22:32:29 INFO main.py:69 in <module>(): Initializing MQTT Client Service...
2023-05-07T22:32:29 INFO main.py:34 in main(): Starting thread for the MQTT broker...
2023-05-07T22:32:29 INFO main.py:38 in main(): Querying last measurements...
2023-05-07T22:32:29 INFO main.py:41 in main(): Computing powers...
2023-05-07T22:32:29 INFO main.py:44 in main(): Plotting results...
2023-05-07T22:32:29 CRITICAL main.py:77 in <module>(): Unhandled exception arisen: 'MQTTClientService' object has no attribute 'plotter'. Stopping the service...
2023-05-07T22:32:29 INFO main.py:25 in stop(): Disconnecting from the MQTT broker...
2023-05-07T22:32:29 INFO main.py:27 in stop(): Joining MQTT Subscriber thread...
2023-05-07T22:32:54 INFO main.py:69 in <module>(): Initializing MQTT Client Service...
2023-05-07T22:32:54 INFO main.py:34 in main(): Starting thread for the MQTT broker...
2023-05-07T22:32:54 INFO main.py:38 in main(): Querying last measurements...
2023-05-07T22:32:54 INFO main.py:41 in main(): Computing powers...
2023-05-07T22:32:54 INFO main.py:44 in main(): Plotting results...
2023-05-07T22:32:54 CRITICAL main.py:77 in <module>(): Unhandled exception arisen: 'MQTTClientService' object has no attribute 'plotter'. Stopping the service...
2023-05-07T22:32:54 INFO main.py:25 in stop(): Disconnecting from the MQTT broker...
2023-05-07T22:32:54 INFO main.py:27 in stop(): Joining MQTT Subscriber thread...
2023-05-07T22:33:54 INFO main.py:69 in <module>(): Initializing MQTT Client Service...
2023-05-07T22:33:54 INFO main.py:34 in main(): Starting thread for the MQTT broker...
2023-05-07T22:33:54 INFO main.py:38 in main(): Querying last measurements...
2023-05-07T22:33:54 INFO main.py:41 in main(): Computing powers...
2023-05-07T22:33:54 INFO main.py:44 in main(): Plotting results...
2023-05-07T22:33:54 CRITICAL main.py:77 in <module>(): Unhandled exception arisen: 'MQTTClientService' object has no attribute 'plotter'. Stopping the service...
2023-05-07T22:33:54 INFO main.py:25 in stop(): Disconnecting from the MQTT broker...
2023-05-07T22:33:54 INFO main.py:27 in stop(): Joining MQTT Subscriber thread...
2023-05-07T22:34:46 INFO main.py:70 in <module>(): Initializing MQTT Client Service...
2023-05-07T22:34:46 INFO main.py:34 in main(): Starting thread for the MQTT broker...
2023-05-07T22:34:46 INFO main.py:38 in main(): Querying last measurements...
2023-05-07T22:34:46 INFO main.py:41 in main(): Computing powers...
2023-05-07T22:34:46 INFO main.py:44 in main(): Plotting results...
2023-05-07T22:34:46 CRITICAL main.py:78 in <module>(): Unhandled exception arisen: 'MQTTClientService' object has no attribute 'plotter'. Stopping the service...
2023-05-07T22:34:46 INFO main.py:25 in stop(): Disconnecting from the MQTT broker...
2023-05-07T22:34:46 INFO main.py:27 in stop(): Joining MQTT Subscriber thread...
2023-05-07T22:35:25 INFO main.py:70 in <module>(): Initializing MQTT Client Service...
2023-05-07T22:35:25 INFO main.py:34 in main(): Starting thread for the MQTT broker...
2023-05-07T22:35:25 INFO main.py:38 in main(): Querying last measurements...
2023-05-07T22:35:25 INFO main.py:41 in main(): Computing powers...
2023-05-07T22:35:25 INFO main.py:44 in main(): Plotting results...
2023-05-07T22:35:25 CRITICAL main.py:78 in <module>(): Unhandled exception arisen: 'MQTTClientService' object has no attribute 'plotter'. Stopping the service...
2023-05-07T22:35:25 INFO main.py:25 in stop(): Disconnecting from the MQTT broker...
2023-05-07T22:35:25 INFO main.py:27 in stop(): Joining MQTT Subscriber thread...
2023-05-07T22:35:45 INFO main.py:70 in <module>(): Initializing MQTT Client Service...
2023-05-07T22:35:45 INFO main.py:34 in main(): Starting thread for the MQTT broker...
2023-05-07T22:35:45 INFO main.py:38 in main(): Querying last measurements...
2023-05-07T22:35:45 INFO main.py:41 in main(): Computing powers...
2023-05-07T22:35:45 INFO main.py:44 in main(): Plotting results...
2023-05-07T22:35:45 CRITICAL main.py:78 in <module>(): Unhandled exception arisen: 'MQTTClientService' object has no attribute 'plotter'. Stopping the service...
2023-05-07T22:35:45 INFO main.py:25 in stop(): Disconnecting from the MQTT broker...
2023-05-07T22:35:45 INFO main.py:27 in stop(): Joining MQTT Subscriber thread...
2023-05-07T22:36:56 INFO main.py:70 in <module>(): Initializing MQTT Client Service...
2023-05-07T22:36:56 INFO main.py:34 in main(): Starting thread for the MQTT broker...
2023-05-07T22:36:56 INFO main.py:38 in main(): Querying last measurements...
2023-05-07T22:36:56 INFO main.py:41 in main(): Computing powers...
2023-05-07T22:36:56 INFO main.py:44 in main(): Plotting results...
2023-05-07T22:36:56 CRITICAL main.py:78 in <module>(): Unhandled exception arisen: 'Plotter' object has no attribute 'pf_line'. Stopping the service...
2023-05-07T22:36:56 INFO main.py:26 in stop(): Disconnecting from the MQTT broker...
2023-05-07T22:36:56 INFO main.py:28 in stop(): Joining MQTT Subscriber thread...
2023-05-08T12:01:53 INFO main.py:70 in <module>(): Initializing MQTT Client Service...
2023-05-08T12:01:53 INFO main.py:34 in main(): Starting thread for the MQTT broker...
2023-05-08T12:01:53 INFO main.py:38 in main(): Querying last measurements...
2023-05-08T12:01:53 INFO main.py:42 in main(): Computing powers...
2023-05-08T12:01:53 INFO main.py:45 in main(): Plotting results...
2023-05-08T12:01:54 INFO main.py:38 in main(): Querying last measurements...
2023-05-08T12:01:54 INFO main.py:42 in main(): Computing powers...
2023-05-08T12:01:54 INFO main.py:45 in main(): Plotting results...
2023-05-08T12:01:55 INFO main.py:38 in main(): Querying last measurements...
2023-05-08T12:01:55 INFO main.py:42 in main(): Computing powers...
2023-05-08T12:01:55 INFO main.py:45 in main(): Plotting results...
2023-05-08T12:01:56 INFO main.py:38 in main(): Querying last measurements...
2023-05-08T12:01:56 INFO main.py:42 in main(): Computing powers...
2023-05-08T12:01:56 INFO main.py:45 in main(): Plotting results...
2023-05-08T12:01:57 INFO main.py:38 in main(): Querying last measurements...
2023-05-08T12:01:57 INFO main.py:42 in main(): Computing powers...
2023-05-08T12:01:57 INFO main.py:45 in main(): Plotting results...
2023-05-08T12:01:58 INFO main.py:38 in main(): Querying last measurements...
2023-05-08T12:01:58 INFO main.py:42 in main(): Computing powers...
2023-05-08T12:01:58 INFO main.py:45 in main(): Plotting results...
2023-05-08T12:01:59 INFO main.py:38 in main(): Querying last measurements...
2023-05-08T12:01:59 INFO main.py:42 in main(): Computing powers...
2023-05-08T12:01:59 INFO main.py:45 in main(): Plotting results...
2023-05-08T12:02:00 INFO main.py:38 in main(): Querying last measurements...
2023-05-08T12:02:00 INFO main.py:42 in main(): Computing powers...
2023-05-08T12:02:00 INFO main.py:45 in main(): Plotting results...
2023-05-08T12:02:01 INFO main.py:38 in main(): Querying last measurements...
2023-05-08T12:02:01 INFO main.py:42 in main(): Computing powers...
2023-05-08T12:02:01 INFO main.py:45 in main(): Plotting results...
2023-05-08T12:02:02 INFO main.py:38 in main(): Querying last measurements...
2023-05-08T12:02:02 INFO main.py:42 in main(): Computing powers...
2023-05-08T12:02:02 INFO main.py:45 in main(): Plotting results...
2023-05-08T12:02:03 INFO main.py:74 in <module>(): Received stopping signal. Stopping service...
2023-05-08T12:02:03 INFO main.py:26 in stop(): Disconnecting from the MQTT broker...
2023-05-08T12:02:03 INFO main.py:28 in stop(): Joining MQTT Subscriber thread...
2023-05-08T12:02:16 INFO main.py:70 in <module>(): Initializing MQTT Client Service...
2023-05-08T12:02:16 INFO main.py:34 in main(): Starting thread for the MQTT broker...
2023-05-08T12:02:16 INFO main.py:38 in main(): Querying last measurements...
2023-05-08T12:02:16 INFO main.py:42 in main(): Computing powers...
2023-05-08T12:02:16 INFO main.py:45 in main(): Plotting results...
2023-05-08T12:02:17 INFO main.py:38 in main(): Querying last measurements...
2023-05-08T12:02:17 INFO main.py:42 in main(): Computing powers...
2023-05-08T12:02:17 INFO main.py:45 in main(): Plotting results...
2023-05-08T12:02:18 INFO main.py:38 in main(): Querying last measurements...
2023-05-08T12:02:18 INFO main.py:42 in main(): Computing powers...
2023-05-08T12:02:18 INFO main.py:45 in main(): Plotting results...
2023-05-08T12:02:19 INFO main.py:38 in main(): Querying last measurements...
2023-05-08T12:02:19 INFO main.py:42 in main(): Computing powers...
2023-05-08T12:02:19 INFO main.py:45 in main(): Plotting results...
2023-05-08T12:02:20 INFO main.py:38 in main(): Querying last measurements...
2023-05-08T12:02:20 INFO main.py:42 in main(): Computing powers...
2023-05-08T12:02:20 INFO main.py:45 in main(): Plotting results...
2023-05-08T12:02:32 INFO main.py:70 in <module>(): Initializing MQTT Client Service...
2023-05-08T12:02:32 INFO main.py:34 in main(): Starting thread for the MQTT broker...
2023-05-08T12:02:32 INFO main.py:38 in main(): Querying last measurements...
2023-05-08T12:02:32 INFO main.py:42 in main(): Computing powers...
2023-05-08T12:02:32 INFO main.py:45 in main(): Plotting results...
2023-05-08T12:02:33 INFO main.py:38 in main(): Querying last measurements...
2023-05-08T12:02:33 INFO main.py:42 in main(): Computing powers...
2023-05-08T12:02:33 INFO main.py:45 in main(): Plotting results...
2023-05-08T12:02:34 INFO main.py:38 in main(): Querying last measurements...
2023-05-08T12:02:34 INFO main.py:42 in main(): Computing powers...
2023-05-08T12:02:34 INFO main.py:45 in main(): Plotting results...
2023-05-08T12:02:35 INFO main.py:38 in main(): Querying last measurements...
2023-05-08T12:02:35 INFO main.py:42 in main(): Computing powers...
2023-05-08T12:02:35 INFO main.py:45 in main(): Plotting results...
2023-05-08T12:02:36 INFO main.py:38 in main(): Querying last measurements...
2023-05-08T12:02:36 INFO main.py:42 in main(): Computing powers...
2023-05-08T12:02:36 INFO main.py:45 in main(): Plotting results...
2023-05-08T12:02:37 INFO main.py:38 in main(): Querying last measurements...
2023-05-08T12:02:37 INFO main.py:42 in main(): Computing powers...
2023-05-08T12:02:37 INFO main.py:45 in main(): Plotting results...
2023-05-08T12:02:38 INFO main.py:38 in main(): Querying last measurements...
2023-05-08T12:02:38 INFO main.py:42 in main(): Computing powers...
2023-05-08T12:02:38 INFO main.py:45 in main(): Plotting results...
2023-05-08T12:02:39 INFO main.py:38 in main(): Querying last measurements...
2023-05-08T12:02:39 INFO main.py:42 in main(): Computing powers...
2023-05-08T12:02:39 INFO main.py:45 in main(): Plotting results...
2023-05-08T12:02:40 INFO main.py:38 in main(): Querying last measurements...
2023-05-08T12:02:40 INFO main.py:42 in main(): Computing powers...
2023-05-08T12:02:40 INFO main.py:45 in main(): Plotting results...
2023-05-08T12:02:41 INFO main.py:38 in main(): Querying last measurements...
2023-05-08T12:02:41 INFO main.py:42 in main(): Computing powers...
2023-05-08T12:02:41 INFO main.py:45 in main(): Plotting results...
2023-05-08T12:02:42 INFO main.py:38 in main(): Querying last measurements...
2023-05-08T12:02:42 INFO main.py:42 in main(): Computing powers...
2023-05-08T12:02:42 INFO main.py:45 in main(): Plotting results...
2023-05-08T12:02:43 INFO main.py:38 in main(): Querying last measurements...
2023-05-08T12:02:43 INFO main.py:42 in main(): Computing powers...
2023-05-08T12:02:43 INFO main.py:45 in main(): Plotting results...
2023-05-08T12:02:44 INFO main.py:38 in main(): Querying last measurements...
2023-05-08T12:02:44 INFO main.py:42 in main(): Computing powers...
2023-05-08T12:02:44 INFO main.py:45 in main(): Plotting results...
2023-05-08T12:02:45 INFO main.py:38 in main(): Querying last measurements...
2023-05-08T12:02:45 INFO main.py:42 in main(): Computing powers...
2023-05-08T12:02:45 INFO main.py:45 in main(): Plotting results...
2023-05-08T12:02:46 INFO main.py:38 in main(): Querying last measurements...
2023-05-08T12:02:46 INFO main.py:42 in main(): Computing powers...
2023-05-08T12:02:46 INFO main.py:45 in main(): Plotting results...
2023-05-08T12:02:47 INFO main.py:38 in main(): Querying last measurements...
2023-05-08T12:02:47 INFO main.py:42 in main(): Computing powers...
2023-05-08T12:02:47 INFO main.py:45 in main(): Plotting results...
2023-05-08T12:02:48 INFO main.py:38 in main(): Querying last measurements...
2023-05-08T12:02:48 INFO main.py:42 in main(): Computing powers...
2023-05-08T12:02:48 INFO main.py:45 in main(): Plotting results...
2023-05-08T12:02:49 INFO main.py:38 in main(): Querying last measurements...
2023-05-08T12:02:49 INFO main.py:42 in main(): Computing powers...
2023-05-08T12:02:49 INFO main.py:45 in main(): Plotting results...
2023-05-08T12:02:50 INFO main.py:38 in main(): Querying last measurements...
2023-05-08T12:02:50 INFO main.py:42 in main(): Computing powers...
2023-05-08T12:02:50 INFO main.py:45 in main(): Plotting results...
2023-05-08T12:02:51 INFO main.py:38 in main(): Querying last measurements...
2023-05-08T12:02:51 INFO main.py:42 in main(): Computing powers...
2023-05-08T12:02:51 INFO main.py:45 in main(): Plotting results...
2023-05-08T12:02:52 INFO main.py:38 in main(): Querying last measurements...
2023-05-08T12:02:52 INFO main.py:42 in main(): Computing powers...
2023-05-08T12:02:52 INFO main.py:45 in main(): Plotting results...
2023-05-08T12:02:53 INFO main.py:38 in main(): Querying last measurements...
2023-05-08T12:02:53 INFO main.py:42 in main(): Computing powers...
2023-05-08T12:02:53 INFO main.py:45 in main(): Plotting results...
2023-05-08T12:02:54 INFO main.py:38 in main(): Querying last measurements...
2023-05-08T12:02:54 INFO main.py:42 in main(): Computing powers...
2023-05-08T12:02:54 INFO main.py:45 in main(): Plotting results...
2023-05-08T12:02:55 INFO main.py:38 in main(): Querying last measurements...
2023-05-08T12:02:55 INFO main.py:42 in main(): Computing powers...
2023-05-08T12:02:55 INFO main.py:45 in main(): Plotting results...
2023-05-08T12:02:56 INFO main.py:38 in main(): Querying last measurements...
2023-05-08T12:02:56 INFO main.py:42 in main(): Computing powers...
2023-05-08T12:02:56 INFO main.py:45 in main(): Plotting results...
2023-05-08T12:02:57 INFO main.py:38 in main(): Querying last measurements...
2023-05-08T12:02:57 INFO main.py:42 in main(): Computing powers...
2023-05-08T12:02:57 INFO main.py:45 in main(): Plotting results...
2023-05-08T12:03:21 INFO main.py:71 in <module>(): Initializing MQTT Client Service...
2023-05-08T12:03:21 INFO main.py:35 in main(): Starting thread for the MQTT broker...
2023-05-08T12:03:21 INFO main.py:39 in main(): Querying last measurements...
2023-05-08T12:03:21 INFO main.py:42 in main(): Computing powers...
2023-05-08T12:03:21 INFO main.py:45 in main(): Plotting results...
2023-05-08T12:03:22 INFO main.py:39 in main(): Querying last measurements...
2023-05-08T12:03:22 INFO main.py:42 in main(): Computing powers...
2023-05-08T12:03:22 INFO main.py:45 in main(): Plotting results...
2023-05-08T12:03:23 INFO main.py:39 in main(): Querying last measurements...
2023-05-08T12:03:23 INFO main.py:42 in main(): Computing powers...
2023-05-08T12:03:23 INFO main.py:45 in main(): Plotting results...
2023-05-08T12:03:24 INFO main.py:39 in main(): Querying last measurements...
2023-05-08T12:03:24 INFO main.py:42 in main(): Computing powers...
2023-05-08T12:03:24 INFO main.py:45 in main(): Plotting results...
2023-05-08T12:03:26 INFO main.py:39 in main(): Querying last measurements...
2023-05-08T12:03:26 INFO main.py:42 in main(): Computing powers...
2023-05-08T12:03:26 INFO main.py:45 in main(): Plotting results...
2023-05-08T12:03:27 INFO main.py:39 in main(): Querying last measurements...
2023-05-08T12:03:27 INFO main.py:42 in main(): Computing powers...
2023-05-08T12:03:27 INFO main.py:45 in main(): Plotting results...
2023-05-08T12:03:28 INFO main.py:39 in main(): Querying last measurements...
2023-05-08T12:03:28 INFO main.py:42 in main(): Computing powers...
2023-05-08T12:03:28 INFO main.py:45 in main(): Plotting results...
2023-05-08T13:26:56 INFO main.py:71 in <module>(): Initializing MQTT Client Service...
2023-05-08T13:26:56 INFO main.py:35 in main(): Starting thread for the MQTT broker...
2023-05-08T13:26:56 INFO main.py:39 in main(): Querying last measurements...
2023-05-08T13:26:56 INFO main.py:42 in main(): Computing powers...
2023-05-08T13:26:56 INFO main.py:45 in main(): Plotting results...
2023-05-08T13:30:03 INFO main.py:71 in <module>(): Initializing MQTT Client Service...
2023-05-08T13:30:03 INFO main.py:35 in main(): Starting thread for the MQTT broker...
2023-05-08T13:30:03 INFO main.py:39 in main(): Querying last measurements...
2023-05-08T13:30:03 INFO main.py:43 in main(): Computing powers...
2023-05-08T13:30:03 INFO main.py:46 in main(): Plotting results...
2023-05-08T13:30:04 INFO main.py:39 in main(): Querying last measurements...
2023-05-08T13:30:04 INFO main.py:43 in main(): Computing powers...
2023-05-08T13:30:04 INFO main.py:46 in main(): Plotting results...
2023-05-08T13:30:05 INFO main.py:39 in main(): Querying last measurements...
2023-05-08T13:30:05 INFO main.py:43 in main(): Computing powers...
2023-05-08T13:30:05 INFO main.py:46 in main(): Plotting results...
2023-05-08T13:30:06 INFO main.py:39 in main(): Querying last measurements...
2023-05-08T13:30:06 INFO main.py:43 in main(): Computing powers...
2023-05-08T13:30:06 INFO main.py:46 in main(): Plotting results...
2023-05-08T13:30:07 INFO main.py:39 in main(): Querying last measurements...
2023-05-08T13:30:07 INFO main.py:43 in main(): Computing powers...
2023-05-08T13:30:07 INFO main.py:46 in main(): Plotting results...
2023-05-08T13:30:08 INFO main.py:39 in main(): Querying last measurements...
2023-05-08T13:30:08 INFO main.py:43 in main(): Computing powers...
2023-05-08T13:30:08 INFO main.py:46 in main(): Plotting results...
2023-05-08T13:30:09 INFO main.py:39 in main(): Querying last measurements...
2023-05-08T13:30:09 INFO main.py:43 in main(): Computing powers...
2023-05-08T13:30:09 INFO main.py:46 in main(): Plotting results...
2023-05-08T13:30:09 INFO main.py:75 in <module>(): Received stopping signal. Stopping service...
2023-05-08T13:30:09 INFO main.py:26 in stop(): Disconnecting from the MQTT broker...
2023-05-08T13:30:10 INFO main.py:28 in stop(): Joining MQTT Subscriber thread...
2023-05-08T14:17:09 INFO main.py:228 in <module>(): Initializing MQTT Client Service...
2023-05-08T14:17:09 INFO main.py:192 in main(): Starting thread for the MQTT broker...
2023-05-08T14:17:09 INFO main.py:196 in main(): Querying last measurements...
2023-05-08T14:17:09 INFO main.py:200 in main(): Computing powers...
2023-05-08T14:17:09 INFO main.py:203 in main(): Plotting results...
2023-05-08T14:17:10 INFO main.py:196 in main(): Querying last measurements...
2023-05-08T14:17:10 INFO main.py:200 in main(): Computing powers...
2023-05-08T14:17:10 INFO main.py:203 in main(): Plotting results...
2023-05-08T14:17:11 INFO main.py:196 in main(): Querying last measurements...
2023-05-08T14:17:11 INFO main.py:200 in main(): Computing powers...
2023-05-08T14:17:11 INFO main.py:203 in main(): Plotting results...
2023-05-08T14:17:12 INFO main.py:196 in main(): Querying last measurements...
2023-05-08T14:17:12 INFO main.py:200 in main(): Computing powers...
2023-05-08T14:17:12 INFO main.py:203 in main(): Plotting results...
2023-05-08T14:17:12 INFO main.py:232 in <module>(): Received stopping signal. Stopping service...
2023-05-08T14:17:12 INFO main.py:183 in stop(): Disconnecting from the MQTT broker...
2023-05-08T14:17:13 INFO main.py:185 in stop(): Joining MQTT Subscriber thread...
